<?xml version="1.0" encoding="UTF-8"?>
<!-- Generated by org.testng.reporters.JUnitXMLReporter -->
<testsuite ignored="0" hostname="RSIbr1377" failures="0" tests="3" name="Default test" time="3.633" errors="0" timestamp="2020-12-14T08:43:34 BRT">
  <testcase classname="br.com.testeapinovo.RegistrarUsuarioCamposInvalidos" name="Registro_com_sucesso" time="2.438"/>
  <testcase classname="br.com.testeapinovo.RegistrarUsuarioCamposInvalidos" name="Registro_com_sucesso" time="0.569"/>
  <testcase classname="br.com.testeapinovo.RegistrarUsuarioCamposInvalidos" name="Registro_com_sucesso" time="0.574"/>
</testsuite> <!-- Default test -->
