<?xml version="1.0" encoding="UTF-8"?>
<testng-results ignored="0" total="3" passed="3" failed="0" skipped="0">
  <reporter-output>
  </reporter-output>
  <suite started-at="2020-12-14T08:43:30 BRT" name="Default suite" finished-at="2020-12-14T08:43:34 BRT" duration-ms="3633">
    <groups>
    </groups>
    <test started-at="2020-12-14T08:43:30 BRT" name="Default test" finished-at="2020-12-14T08:43:34 BRT" duration-ms="3633">
      <class name="br.com.testeapinovo.RegistrarUsuarioCamposInvalidos">
        <test-method signature="Registro_com_sucesso(java.lang.String, java.lang.String)[pri:0, instance:br.com.testeapinovo.RegistrarUsuarioCamposInvalidos@2abf4075]" started-at="2020-12-14T08:43:30 BRT" name="Registro_com_sucesso" data-provider="dadosParaRegistro2" finished-at="2020-12-14T08:43:32 BRT" duration-ms="2438" status="PASS">
          <params>
            <param index="0">
              <value>
                <![CDATA[]]>
              </value>
            </param>
            <param index="1">
              <value>
                <![CDATA[]]>
              </value>
            </param>
          </params>
          <reporter-output>
          </reporter-output>
        </test-method> <!-- Registro_com_sucesso -->
        <test-method signature="Registro_com_sucesso(java.lang.String, java.lang.String)[pri:0, instance:br.com.testeapinovo.RegistrarUsuarioCamposInvalidos@2abf4075]" started-at="2020-12-14T08:43:32 BRT" name="Registro_com_sucesso" data-provider="dadosParaRegistro2" finished-at="2020-12-14T08:43:33 BRT" duration-ms="569" status="PASS">
          <params>
            <param index="0">
              <value>
                <![CDATA[eve.holt@reqres.in]]>
              </value>
            </param>
            <param index="1">
              <value>
                <![CDATA[]]>
              </value>
            </param>
          </params>
          <reporter-output>
          </reporter-output>
        </test-method> <!-- Registro_com_sucesso -->
        <test-method signature="Registro_com_sucesso(java.lang.String, java.lang.String)[pri:0, instance:br.com.testeapinovo.RegistrarUsuarioCamposInvalidos@2abf4075]" started-at="2020-12-14T08:43:33 BRT" name="Registro_com_sucesso" data-provider="dadosParaRegistro2" finished-at="2020-12-14T08:43:34 BRT" duration-ms="574" status="PASS">
          <params>
            <param index="0">
              <value>
                <![CDATA[]]>
              </value>
            </param>
            <param index="1">
              <value>
                <![CDATA[1234567]]>
              </value>
            </param>
          </params>
          <reporter-output>
          </reporter-output>
        </test-method> <!-- Registro_com_sucesso -->
      </class> <!-- br.com.testeapinovo.RegistrarUsuarioCamposInvalidos -->
    </test> <!-- Default test -->
  </suite> <!-- Default suite -->
</testng-results>
